<?xml version="1.0" encoding="UTF-8"?>
<robot generator="Robot 4.1.3 (Python 3.9.7 on win32)" generated="20220322 23:34:19.535" rpa="false" schemaversion="2">
<suite id="s1" name="Flight Book Xlsheet" source="C:\Users\dell\PycharmProjects\CaptionProject_Application\booking_suite\flight_book_xlsheet.robot">
<test id="s1-t1" name="Book Flights">
<kw name="Launch Browser" library="CommonFunctionality" type="SETUP">
<if>
<branch type="IF" condition="'${BROWSER_NAME}'=='edge'">
<kw name="Set Local Variable" library="BuiltIn">
<arg>${driver_name}</arg>
<arg>msedgedriver.exe</arg>
<doc>Makes a variable available everywhere within the local scope.</doc>
<status status="NOT RUN" starttime="20220322 23:34:21.095" endtime="20220322 23:34:21.095"/>
</kw>
<status status="NOT RUN" starttime="20220322 23:34:21.095" endtime="20220322 23:34:21.095"/>
</branch>
<branch type="ELSE IF" condition="'${BROWSER_NAME}'== 'ff'">
<kw name="Set Local Variable" library="BuiltIn">
<arg>${driver_name}</arg>
<arg>geckodriver.exe</arg>
<doc>Makes a variable available everywhere within the local scope.</doc>
<status status="NOT RUN" starttime="20220322 23:34:21.095" endtime="20220322 23:34:21.095"/>
</kw>
<status status="NOT RUN" starttime="20220322 23:34:21.095" endtime="20220322 23:34:21.095"/>
</branch>
<branch type="ELSE">
<kw name="Set Local Variable" library="BuiltIn">
<arg>${driver_name}</arg>
<arg>chromedriver.exe</arg>
<doc>Makes a variable available everywhere within the local scope.</doc>
<msg timestamp="20220322 23:34:21.095" level="INFO">${driver_name} = chromedriver.exe</msg>
<status status="PASS" starttime="20220322 23:34:21.095" endtime="20220322 23:34:21.095"/>
</kw>
<status status="PASS" starttime="20220322 23:34:21.095" endtime="20220322 23:34:21.095"/>
</branch>
<status status="PASS" starttime="20220322 23:34:21.095" endtime="20220322 23:34:21.095"/>
</if>
<kw name="Open Browser" library="SeleniumLibrary">
<arg>browser=${BROWSER_NAME}</arg>
<arg>executable_path=${EXECDIR}${/}driver${/}chromedriver.exe</arg>
<doc>Opens a new browser instance to the optional ``url``.</doc>
<msg timestamp="20220322 23:34:21.095" level="INFO">Opening browser 'chrome' to base url 'None'.</msg>
<status status="PASS" starttime="20220322 23:34:21.095" endtime="20220322 23:34:22.696"/>
</kw>
<kw name="Maximize Browser Window" library="SeleniumLibrary">
<doc>Maximizes current browser window.</doc>
<status status="PASS" starttime="20220322 23:34:22.696" endtime="20220322 23:34:22.815"/>
</kw>
<kw name="Set Selenium Implicit Wait" library="SeleniumLibrary">
<arg>20s</arg>
<doc>Sets the implicit wait value used by Selenium.</doc>
<status status="PASS" starttime="20220322 23:34:22.816" endtime="20220322 23:34:22.818"/>
</kw>
<kw name="Go To" library="SeleniumLibrary">
<arg>${URL}</arg>
<doc>Navigates the current browser window to the provided ``url``.</doc>
<msg timestamp="20220322 23:34:22.818" level="INFO">Opening url 'https://phptravels.net/'</msg>
<status status="PASS" starttime="20220322 23:34:22.818" endtime="20220322 23:34:28.042"/>
</kw>
<kw name="Set Screenshot Directory" library="SeleniumLibrary">
<arg>${EXECDIR}${/}screenshots</arg>
<doc>Sets the directory for captured screenshots.</doc>
<status status="PASS" starttime="20220322 23:34:28.043" endtime="20220322 23:34:28.043"/>
</kw>
<status status="PASS" starttime="20220322 23:34:21.095" endtime="20220322 23:34:28.043"/>
</kw>
<kw name="Book Flights">
<arg>Guwahati</arg>
<arg>Pune</arg>
<arg>business</arg>
<kw name="Click Element" library="SeleniumLibrary">
<arg>xpath=//button[@id='cookie_stop']</arg>
<doc>Click the element identified by ``locator``.</doc>
<msg timestamp="20220322 23:34:28.050" level="INFO">Clicking element 'xpath=//button[@id='cookie_stop']'.</msg>
<status status="PASS" starttime="20220322 23:34:28.047" endtime="20220322 23:34:28.124"/>
</kw>
<kw name="Click Element" library="SeleniumLibrary">
<arg>xpath=//button[@id='cookie_stop']</arg>
<doc>Click the element identified by ``locator``.</doc>
<msg timestamp="20220322 23:34:28.124" level="INFO">Clicking element 'xpath=//button[@id='cookie_stop']'.</msg>
<status status="PASS" starttime="20220322 23:34:28.124" endtime="20220322 23:34:28.210"/>
</kw>
<kw name="Click Element" library="SeleniumLibrary">
<arg>xpath=//a[text()='flights']</arg>
<doc>Click the element identified by ``locator``.</doc>
<msg timestamp="20220322 23:34:28.210" level="INFO">Clicking element 'xpath=//a[text()='flights']'.</msg>
<status status="PASS" starttime="20220322 23:34:28.210" endtime="20220322 23:34:29.355"/>
</kw>
<kw name="Input Text" library="SeleniumLibrary">
<arg>xpath=(//input[@placeholder='Flying From'])[1]</arg>
<arg>${flight_from_name}</arg>
<doc>Types the given ``text`` into the text field identified by ``locator``.</doc>
<msg timestamp="20220322 23:34:29.355" level="INFO">Typing text 'Guwahati' into text field 'xpath=(//input[@placeholder='Flying From'])[1]'.</msg>
<status status="PASS" starttime="20220322 23:34:29.355" endtime="20220322 23:34:29.892"/>
</kw>
<kw name="Input Text" library="SeleniumLibrary">
<arg>xpath=(//input[@placeholder='To Destination'])[1]</arg>
<arg>${flight_to_name}</arg>
<doc>Types the given ``text`` into the text field identified by ``locator``.</doc>
<msg timestamp="20220322 23:34:29.892" level="INFO">Typing text 'Pune' into text field 'xpath=(//input[@placeholder='To Destination'])[1]'.</msg>
<status status="PASS" starttime="20220322 23:34:29.892" endtime="20220322 23:34:30.212"/>
</kw>
<kw name="Click Element" library="SeleniumLibrary">
<arg>xpath=//span[text()='1']</arg>
<doc>Click the element identified by ``locator``.</doc>
<msg timestamp="20220322 23:34:30.212" level="INFO">Clicking element 'xpath=//span[text()='1']'.</msg>
<status status="PASS" starttime="20220322 23:34:30.212" endtime="20220322 23:34:30.371"/>
</kw>
<kw name="Click Element" library="SeleniumLibrary">
<arg>xpath=(//i[@class='la la-plus'])[1]</arg>
<doc>Click the element identified by ``locator``.</doc>
<msg timestamp="20220322 23:34:30.380" level="INFO">Clicking element 'xpath=(//i[@class='la la-plus'])[1]'.</msg>
<status status="PASS" starttime="20220322 23:34:30.371" endtime="20220322 23:34:30.492"/>
</kw>
<kw name="Click Element" library="SeleniumLibrary">
<arg>xpath=(//i[@class='la la-plus'])[2]</arg>
<doc>Click the element identified by ``locator``.</doc>
<msg timestamp="20220322 23:34:30.493" level="INFO">Clicking element 'xpath=(//i[@class='la la-plus'])[2]'.</msg>
<status status="PASS" starttime="20220322 23:34:30.492" endtime="20220322 23:34:30.575"/>
</kw>
<kw name="Select From List By Value" library="SeleniumLibrary">
<arg>xpath=//select[@id='flight_type']</arg>
<arg>${flight_type}</arg>
<doc>Selects options from selection list ``locator`` by ``values``.</doc>
<msg timestamp="20220322 23:34:30.575" level="INFO">Selecting options from selection list 'xpath=//select[@id='flight_type']' by value business.</msg>
<status status="PASS" starttime="20220322 23:34:30.575" endtime="20220322 23:34:30.679"/>
</kw>
<kw name="Click Element" library="SeleniumLibrary">
<arg>xpath=//button[@id='flights-search']</arg>
<doc>Click the element identified by ``locator``.</doc>
<msg timestamp="20220322 23:34:30.679" level="INFO">Clicking element 'xpath=//button[@id='flights-search']'.</msg>
<status status="PASS" starttime="20220322 23:34:30.679" endtime="20220322 23:34:31.909"/>
</kw>
<kw name="Page Should Contain" library="SeleniumLibrary">
<arg>Dates</arg>
<doc>Verifies that current page contains ``text``.</doc>
<msg timestamp="20220322 23:34:31.921" level="INFO">Current page contains text 'Dates'.</msg>
<status status="PASS" starttime="20220322 23:34:31.909" endtime="20220322 23:34:31.929"/>
</kw>
<status status="PASS" starttime="20220322 23:34:28.047" endtime="20220322 23:34:31.929"/>
</kw>
<kw name="Close Browser" library="SeleniumLibrary" type="TEARDOWN">
<doc>Closes the current browser.</doc>
<status status="PASS" starttime="20220322 23:34:31.931" endtime="20220322 23:34:34.232"/>
</kw>
<status status="PASS" starttime="20220322 23:34:21.078" endtime="20220322 23:34:34.232"/>
</test>
<test id="s1-t2" name="Book Flights">
<kw name="Launch Browser" library="CommonFunctionality" type="SETUP">
<if>
<branch type="IF" condition="'${BROWSER_NAME}'=='edge'">
<kw name="Set Local Variable" library="BuiltIn">
<arg>${driver_name}</arg>
<arg>msedgedriver.exe</arg>
<doc>Makes a variable available everywhere within the local scope.</doc>
<status status="NOT RUN" starttime="20220322 23:34:34.232" endtime="20220322 23:34:34.232"/>
</kw>
<status status="NOT RUN" starttime="20220322 23:34:34.232" endtime="20220322 23:34:34.232"/>
</branch>
<branch type="ELSE IF" condition="'${BROWSER_NAME}'== 'ff'">
<kw name="Set Local Variable" library="BuiltIn">
<arg>${driver_name}</arg>
<arg>geckodriver.exe</arg>
<doc>Makes a variable available everywhere within the local scope.</doc>
<status status="NOT RUN" starttime="20220322 23:34:34.232" endtime="20220322 23:34:34.232"/>
</kw>
<status status="NOT RUN" starttime="20220322 23:34:34.232" endtime="20220322 23:34:34.232"/>
</branch>
<branch type="ELSE">
<kw name="Set Local Variable" library="BuiltIn">
<arg>${driver_name}</arg>
<arg>chromedriver.exe</arg>
<doc>Makes a variable available everywhere within the local scope.</doc>
<msg timestamp="20220322 23:34:34.232" level="INFO">${driver_name} = chromedriver.exe</msg>
<status status="PASS" starttime="20220322 23:34:34.232" endtime="20220322 23:34:34.232"/>
</kw>
<status status="PASS" starttime="20220322 23:34:34.232" endtime="20220322 23:34:34.232"/>
</branch>
<status status="PASS" starttime="20220322 23:34:34.232" endtime="20220322 23:34:34.232"/>
</if>
<kw name="Open Browser" library="SeleniumLibrary">
<arg>browser=${BROWSER_NAME}</arg>
<arg>executable_path=${EXECDIR}${/}driver${/}chromedriver.exe</arg>
<doc>Opens a new browser instance to the optional ``url``.</doc>
<msg timestamp="20220322 23:34:34.232" level="INFO">Opening browser 'chrome' to base url 'None'.</msg>
<status status="PASS" starttime="20220322 23:34:34.232" endtime="20220322 23:34:36.925"/>
</kw>
<kw name="Maximize Browser Window" library="SeleniumLibrary">
<doc>Maximizes current browser window.</doc>
<status status="PASS" starttime="20220322 23:34:36.925" endtime="20220322 23:34:37.043"/>
</kw>
<kw name="Set Selenium Implicit Wait" library="SeleniumLibrary">
<arg>20s</arg>
<doc>Sets the implicit wait value used by Selenium.</doc>
<status status="PASS" starttime="20220322 23:34:37.043" endtime="20220322 23:34:37.048"/>
</kw>
<kw name="Go To" library="SeleniumLibrary">
<arg>${URL}</arg>
<doc>Navigates the current browser window to the provided ``url``.</doc>
<msg timestamp="20220322 23:34:37.048" level="INFO">Opening url 'https://phptravels.net/'</msg>
<status status="PASS" starttime="20220322 23:34:37.048" endtime="20220322 23:34:42.817"/>
</kw>
<kw name="Set Screenshot Directory" library="SeleniumLibrary">
<arg>${EXECDIR}${/}screenshots</arg>
<doc>Sets the directory for captured screenshots.</doc>
<status status="PASS" starttime="20220322 23:34:42.817" endtime="20220322 23:34:42.817"/>
</kw>
<status status="PASS" starttime="20220322 23:34:34.232" endtime="20220322 23:34:42.817"/>
</kw>
<kw name="Book Flights">
<arg>Mumbai</arg>
<arg>Hyderaba</arg>
<arg>first</arg>
<kw name="Click Element" library="SeleniumLibrary">
<arg>xpath=//button[@id='cookie_stop']</arg>
<doc>Click the element identified by ``locator``.</doc>
<msg timestamp="20220322 23:34:42.817" level="INFO">Clicking element 'xpath=//button[@id='cookie_stop']'.</msg>
<status status="PASS" starttime="20220322 23:34:42.817" endtime="20220322 23:34:42.907"/>
</kw>
<kw name="Click Element" library="SeleniumLibrary">
<arg>xpath=//button[@id='cookie_stop']</arg>
<doc>Click the element identified by ``locator``.</doc>
<msg timestamp="20220322 23:34:42.907" level="INFO">Clicking element 'xpath=//button[@id='cookie_stop']'.</msg>
<status status="PASS" starttime="20220322 23:34:42.907" endtime="20220322 23:34:42.944"/>
</kw>
<kw name="Click Element" library="SeleniumLibrary">
<arg>xpath=//a[text()='flights']</arg>
<doc>Click the element identified by ``locator``.</doc>
<msg timestamp="20220322 23:34:42.944" level="INFO">Clicking element 'xpath=//a[text()='flights']'.</msg>
<status status="PASS" starttime="20220322 23:34:42.944" endtime="20220322 23:34:43.624"/>
</kw>
<kw name="Input Text" library="SeleniumLibrary">
<arg>xpath=(//input[@placeholder='Flying From'])[1]</arg>
<arg>${flight_from_name}</arg>
<doc>Types the given ``text`` into the text field identified by ``locator``.</doc>
<msg timestamp="20220322 23:34:43.625" level="INFO">Typing text 'Mumbai' into text field 'xpath=(//input[@placeholder='Flying From'])[1]'.</msg>
<status status="PASS" starttime="20220322 23:34:43.625" endtime="20220322 23:34:44.403"/>
</kw>
<kw name="Input Text" library="SeleniumLibrary">
<arg>xpath=(//input[@placeholder='To Destination'])[1]</arg>
<arg>${flight_to_name}</arg>
<doc>Types the given ``text`` into the text field identified by ``locator``.</doc>
<msg timestamp="20220322 23:34:44.403" level="INFO">Typing text 'Hyderaba' into text field 'xpath=(//input[@placeholder='To Destination'])[1]'.</msg>
<status status="PASS" starttime="20220322 23:34:44.403" endtime="20220322 23:34:44.935"/>
</kw>
<kw name="Click Element" library="SeleniumLibrary">
<arg>xpath=//span[text()='1']</arg>
<doc>Click the element identified by ``locator``.</doc>
<msg timestamp="20220322 23:34:44.935" level="INFO">Clicking element 'xpath=//span[text()='1']'.</msg>
<status status="PASS" starttime="20220322 23:34:44.935" endtime="20220322 23:34:45.077"/>
</kw>
<kw name="Click Element" library="SeleniumLibrary">
<arg>xpath=(//i[@class='la la-plus'])[1]</arg>
<doc>Click the element identified by ``locator``.</doc>
<msg timestamp="20220322 23:34:45.077" level="INFO">Clicking element 'xpath=(//i[@class='la la-plus'])[1]'.</msg>
<status status="PASS" starttime="20220322 23:34:45.077" endtime="20220322 23:34:45.207"/>
</kw>
<kw name="Click Element" library="SeleniumLibrary">
<arg>xpath=(//i[@class='la la-plus'])[2]</arg>
<doc>Click the element identified by ``locator``.</doc>
<msg timestamp="20220322 23:34:45.207" level="INFO">Clicking element 'xpath=(//i[@class='la la-plus'])[2]'.</msg>
<status status="PASS" starttime="20220322 23:34:45.207" endtime="20220322 23:34:45.326"/>
</kw>
<kw name="Select From List By Value" library="SeleniumLibrary">
<arg>xpath=//select[@id='flight_type']</arg>
<arg>${flight_type}</arg>
<doc>Selects options from selection list ``locator`` by ``values``.</doc>
<msg timestamp="20220322 23:34:45.326" level="INFO">Selecting options from selection list 'xpath=//select[@id='flight_type']' by value first.</msg>
<status status="PASS" starttime="20220322 23:34:45.326" endtime="20220322 23:34:45.462"/>
</kw>
<kw name="Click Element" library="SeleniumLibrary">
<arg>xpath=//button[@id='flights-search']</arg>
<doc>Click the element identified by ``locator``.</doc>
<msg timestamp="20220322 23:34:45.462" level="INFO">Clicking element 'xpath=//button[@id='flights-search']'.</msg>
<status status="PASS" starttime="20220322 23:34:45.462" endtime="20220322 23:34:46.584"/>
</kw>
<kw name="Page Should Contain" library="SeleniumLibrary">
<arg>Dates</arg>
<doc>Verifies that current page contains ``text``.</doc>
<msg timestamp="20220322 23:34:46.600" level="INFO">Current page contains text 'Dates'.</msg>
<status status="PASS" starttime="20220322 23:34:46.584" endtime="20220322 23:34:46.600"/>
</kw>
<status status="PASS" starttime="20220322 23:34:42.817" endtime="20220322 23:34:46.600"/>
</kw>
<kw name="Close Browser" library="SeleniumLibrary" type="TEARDOWN">
<doc>Closes the current browser.</doc>
<status status="PASS" starttime="20220322 23:34:46.600" endtime="20220322 23:34:48.843"/>
</kw>
<status status="PASS" starttime="20220322 23:34:34.232" endtime="20220322 23:34:48.844"/>
</test>
<doc>This suite will test the membership details</doc>
<status status="PASS" starttime="20220322 23:34:19.540" endtime="20220322 23:34:48.844"/>
</suite>
<statistics>
<total>
<stat pass="2" fail="0" skip="0">All Tests</stat>
</total>
<tag>
</tag>
<suite>
<stat pass="2" fail="0" skip="0" id="s1" name="Flight Book Xlsheet">Flight Book Xlsheet</stat>
</suite>
</statistics>
<errors>
<msg timestamp="20220322 23:34:34.232" level="WARN">Multiple test cases with name 'Book Flights' executed in test suite 'Flight Book Xlsheet'.</msg>
</errors>
</robot>
